Added Component: Designator=C1(CTHT Ceramic)
Add component (AddParameter): Name = "Value"; Value = "1nF"; VariantName = "[No Variations]"
Added Component: Designator=C2(CTHT 5MM)
Added Component: Designator=C3(CTHT 8mm)
Add Component: Footprint Not Found TDK Film Cap 7.3x2.5x6.5mm
Added Component: Designator=C5(CTHT 5MM)
Add Component: Footprint Not Found TDK Film Cap 7.3x2.5x6.5mm
Added Component: Designator=C7(CTHT Ceramic)
Add component (AddParameter): Name = "Value"; Value = "1nF"; VariantName = "[No Variations]"
Add Component: Footprint Not Found TDK Film Cap 7.3x2.5x6.5mm
Added Component: Designator=C9(CTHT Ceramic)
Add component (AddParameter): Name = "Value"; Value = "1nF"; VariantName = "[No Variations]"
Added Component: Designator=C10(CTHT 5MM)
Add Component: Footprint Not Found TDK Film Cap 7.3x2.5x6.5mm
Added Component: Designator=C12(CTHT Ceramic)
Add component (AddParameter): Name = "Value"; Value = "1nF"; VariantName = "[No Variations]"
Add Component: Footprint Not Found TDK Film Cap 7.3x2.5x6.5mm
Added Component: Designator=C14(CTHT Ceramic)
Add component (AddParameter): Name = "Value"; Value = "0.1uF"; VariantName = "[No Variations]"
Added Component: Designator=C15(CTHT Ceramic)
Add component (AddParameter): Name = "Value"; Value = "0.1uF"; VariantName = "[No Variations]"
Added Component: Designator=C16(CTHT Ceramic)
Add component (AddParameter): Name = "Value"; Value = "0.1uF"; VariantName = "[No Variations]"
Added Component: Designator=C17(CTHT 4MM)
Added Component: Designator=C18(CTHT 4MM)
Added Component: Designator=C19(CTHT 4MM)
Added Component: Designator=C20(CTHT Ceramic)
Add component (AddParameter): Name = "Value"; Value = "0.1uF"; VariantName = "[No Variations]"
Added Component: Designator=C21(CTHT Ceramic)
Add component (AddParameter): Name = "Value"; Value = "0.1uF"; VariantName = "[No Variations]"
Added Component: Designator=C22(CTHT 4MM)
Added Component: Designator=C23(CTHT 4MM)
Added Component: Designator=J1(HDR1X2)
Add component (AddParameter): Name = "LatestRevisionDate"; Value = "17-Jul-2002"; VariantName = "[No Variations]"
Add component (AddParameter): Name = "LatestRevisionNote"; Value = "Re-released for DXP Platform."; VariantName = "[No Variations]"
Add component (AddParameter): Name = "Publisher"; Value = "Altium Limited"; VariantName = "[No Variations]"
Added Component: Designator=J2(HDRV40W87P254_2X20_5093X508X1067P)
Added Component: Designator=J3(MODULE_1063)
Add component (AddParameter): Name = "Availability"; Value = "Unavailable"; VariantName = "[No Variations]"
Add component (AddParameter): Name = "MF"; Value = "{'manufacturer': u'Adafruit'}"; VariantName = "[No Variations]"
Add component (AddParameter): Name = "MP"; Value = "1063"; VariantName = "[No Variations]"
Add component (AddParameter): Name = "Package"; Value = "None"; VariantName = "[No Variations]"
Add component (AddParameter): Name = "Price"; Value = "None"; VariantName = "[No Variations]"
Add component (AddParameter): Name = "Value"; Value = ""; VariantName = "[No Variations]"
Added Component: Designator=J4(MODULE_1063)
Add component (AddParameter): Name = "Availability"; Value = "Unavailable"; VariantName = "[No Variations]"
Add component (AddParameter): Name = "MF"; Value = "{'manufacturer': u'Adafruit'}"; VariantName = "[No Variations]"
Add component (AddParameter): Name = "MP"; Value = "1063"; VariantName = "[No Variations]"
Add component (AddParameter): Name = "Package"; Value = "None"; VariantName = "[No Variations]"
Add component (AddParameter): Name = "Price"; Value = "None"; VariantName = "[No Variations]"
Add component (AddParameter): Name = "Value"; Value = ""; VariantName = "[No Variations]"
Added Component: Designator=J5(MODULE_1063)
Add component (AddParameter): Name = "Availability"; Value = "Unavailable"; VariantName = "[No Variations]"
Add component (AddParameter): Name = "MF"; Value = "{'manufacturer': u'Adafruit'}"; VariantName = "[No Variations]"
Add component (AddParameter): Name = "MP"; Value = "1063"; VariantName = "[No Variations]"
Add component (AddParameter): Name = "Package"; Value = "None"; VariantName = "[No Variations]"
Add component (AddParameter): Name = "Price"; Value = "None"; VariantName = "[No Variations]"
Add component (AddParameter): Name = "Value"; Value = ""; VariantName = "[No Variations]"
Added Component: Designator=J6(K-LC6)
Add component (AddParameter): Name = "LatestRevisionDate"; Value = "17-Jul-2002"; VariantName = "[No Variations]"
Add component (AddParameter): Name = "LatestRevisionNote"; Value = "Re-released for DXP Platform."; VariantName = "[No Variations]"
Add component (AddParameter): Name = "Publisher"; Value = "Altium Limited"; VariantName = "[No Variations]"
Added Component: Designator=L1(DKFP-G22G-D5J0)
Added Component: Designator=R1(RTHT)
Add component (AddParameter): Name = "Value"; Value = "1K"; VariantName = "[No Variations]"
Added Component: Designator=R2(RTHT)
Add component (AddParameter): Name = "Value"; Value = "1K"; VariantName = "[No Variations]"
Added Component: Designator=R3(RTHT)
Add component (AddParameter): Name = "Value"; Value = "1K"; VariantName = "[No Variations]"
Added Component: Designator=R4(RTHT)
Add component (AddParameter): Name = "Value"; Value = "1K"; VariantName = "[No Variations]"
Added Component: Designator=R5(RTHT)
Add component (AddParameter): Name = "Value"; Value = "1K"; VariantName = "[No Variations]"
Added Component: Designator=R6(RTHT)
Add component (AddParameter): Name = "Value"; Value = "1K"; VariantName = "[No Variations]"
Added Component: Designator=R7(RTHT)
Add component (AddParameter): Name = "Value"; Value = "1K"; VariantName = "[No Variations]"
Added Component: Designator=R8(RTHT)
Add component (AddParameter): Name = "Value"; Value = "1K"; VariantName = "[No Variations]"
Added Component: Designator=R9(RTHT)
Add component (AddParameter): Name = "Value"; Value = "1K"; VariantName = "[No Variations]"
Added Component: Designator=R10(RTHT)
Add component (AddParameter): Name = "Value"; Value = "1K"; VariantName = "[No Variations]"
Added Component: Designator=U1(DIP781W56P254L950H533Q8N)
Added Component: Designator=U2(DIP781W56P254L950H533Q8N)
Add component (AddParameter): Name = "Arrow Part Number"; Value = "MCP3201-BI/P"; VariantName = "[No Variations]"
Add component (AddParameter): Name = "Arrow Price/Stock"; Value = "https://www.arrow.com/en/products/mcp3201-bip/microchip-technology?region=nac"; VariantName = "[No Variations]"
Add component (AddParameter): Name = "Datasheet Link"; Value = "http://uk.rs-online.com/web/p/products/1654833"; VariantName = "[No Variations]"
Add component (AddParameter): Name = "Height"; Value = "5.334mm"; VariantName = "[No Variations]"
Add component (AddParameter): Name = "Manufacturer_Name"; Value = "Microchip"; VariantName = "[No Variations]"
Add component (AddParameter): Name = "Manufacturer_Part_Number"; Value = "MCP3201-BI/P"; VariantName = "[No Variations]"
Add component (AddParameter): Name = "Mouser Part Number"; Value = "579-MCP3201-BI/P"; VariantName = "[No Variations]"
Add component (AddParameter): Name = "Mouser Price/Stock"; Value = "https://www.mouser.co.uk/ProductDetail/Microchip-Technology-Atmel/MCP3201-BI-P?qs=Vn0zuzr35GGoo291EIbsHA%3D%3D"; VariantName = "[No Variations]"
Add component (AddParameter): Name = "Mouser Testing Part Number"; Value = ""; VariantName = "[No Variations]"
Add component (AddParameter): Name = "Mouser Testing Price/Stock"; Value = ""; VariantName = "[No Variations]"
Added Component: Designator=U3(DIP781W56P254L950H533Q8N)
Add component (AddParameter): Name = "Arrow Part Number"; Value = "MCP3201-BI/P"; VariantName = "[No Variations]"
Add component (AddParameter): Name = "Arrow Price/Stock"; Value = "https://www.arrow.com/en/products/mcp3201-bip/microchip-technology?region=nac"; VariantName = "[No Variations]"
Add component (AddParameter): Name = "Datasheet Link"; Value = "http://uk.rs-online.com/web/p/products/1654833"; VariantName = "[No Variations]"
Add component (AddParameter): Name = "Height"; Value = "5.334mm"; VariantName = "[No Variations]"
Add component (AddParameter): Name = "Manufacturer_Name"; Value = "Microchip"; VariantName = "[No Variations]"
Add component (AddParameter): Name = "Manufacturer_Part_Number"; Value = "MCP3201-BI/P"; VariantName = "[No Variations]"
Add component (AddParameter): Name = "Mouser Part Number"; Value = "579-MCP3201-BI/P"; VariantName = "[No Variations]"
Add component (AddParameter): Name = "Mouser Price/Stock"; Value = "https://www.mouser.co.uk/ProductDetail/Microchip-Technology-Atmel/MCP3201-BI-P?qs=Vn0zuzr35GGoo291EIbsHA%3D%3D"; VariantName = "[No Variations]"
Add component (AddParameter): Name = "Mouser Testing Part Number"; Value = ""; VariantName = "[No Variations]"
Add component (AddParameter): Name = "Mouser Testing Price/Stock"; Value = ""; VariantName = "[No Variations]"
Added Component: Designator=U4(DIP781W56P254L950H533Q8N)
Add component (AddParameter): Name = "Arrow Part Number"; Value = "MCP3201-BI/P"; VariantName = "[No Variations]"
Add component (AddParameter): Name = "Arrow Price/Stock"; Value = "https://www.arrow.com/en/products/mcp3201-bip/microchip-technology?region=nac"; VariantName = "[No Variations]"
Add component (AddParameter): Name = "Datasheet Link"; Value = "http://uk.rs-online.com/web/p/products/1654833"; VariantName = "[No Variations]"
Add component (AddParameter): Name = "Height"; Value = "5.334mm"; VariantName = "[No Variations]"
Add component (AddParameter): Name = "Manufacturer_Name"; Value = "Microchip"; VariantName = "[No Variations]"
Add component (AddParameter): Name = "Manufacturer_Part_Number"; Value = "MCP3201-BI/P"; VariantName = "[No Variations]"
Add component (AddParameter): Name = "Mouser Part Number"; Value = "579-MCP3201-BI/P"; VariantName = "[No Variations]"
Add component (AddParameter): Name = "Mouser Price/Stock"; Value = "https://www.mouser.co.uk/ProductDetail/Microchip-Technology-Atmel/MCP3201-BI-P?qs=Vn0zuzr35GGoo291EIbsHA%3D%3D"; VariantName = "[No Variations]"
Add component (AddParameter): Name = "Mouser Testing Part Number"; Value = ""; VariantName = "[No Variations]"
Add component (AddParameter): Name = "Mouser Testing Price/Stock"; Value = ""; VariantName = "[No Variations]"
Added Component: Designator=U5(DIP781W56P254L950H533Q8N)
Add component (AddParameter): Name = "Arrow Part Number"; Value = "MCP3201-BI/P"; VariantName = "[No Variations]"
Add component (AddParameter): Name = "Arrow Price/Stock"; Value = "https://www.arrow.com/en/products/mcp3201-bip/microchip-technology?region=nac"; VariantName = "[No Variations]"
Add component (AddParameter): Name = "Datasheet Link"; Value = "http://uk.rs-online.com/web/p/products/1654833"; VariantName = "[No Variations]"
Add component (AddParameter): Name = "Height"; Value = "5.334mm"; VariantName = "[No Variations]"
Add component (AddParameter): Name = "Manufacturer_Name"; Value = "Microchip"; VariantName = "[No Variations]"
Add component (AddParameter): Name = "Manufacturer_Part_Number"; Value = "MCP3201-BI/P"; VariantName = "[No Variations]"
Add component (AddParameter): Name = "Mouser Part Number"; Value = "579-MCP3201-BI/P"; VariantName = "[No Variations]"
Add component (AddParameter): Name = "Mouser Price/Stock"; Value = "https://www.mouser.co.uk/ProductDetail/Microchip-Technology-Atmel/MCP3201-BI-P?qs=Vn0zuzr35GGoo291EIbsHA%3D%3D"; VariantName = "[No Variations]"
Add component (AddParameter): Name = "Mouser Testing Part Number"; Value = ""; VariantName = "[No Variations]"
Add component (AddParameter): Name = "Mouser Testing Price/Stock"; Value = ""; VariantName = "[No Variations]"
Added Component: Designator=U6(DIP781W56P254L950H533Q8N)
Add component (AddParameter): Name = "Arrow Part Number"; Value = "MCP3201-BI/P"; VariantName = "[No Variations]"
Add component (AddParameter): Name = "Arrow Price/Stock"; Value = "https://www.arrow.com/en/products/mcp3201-bip/microchip-technology?region=nac"; VariantName = "[No Variations]"
Add component (AddParameter): Name = "Datasheet Link"; Value = "http://uk.rs-online.com/web/p/products/1654833"; VariantName = "[No Variations]"
Add component (AddParameter): Name = "Height"; Value = "5.334mm"; VariantName = "[No Variations]"
Add component (AddParameter): Name = "Manufacturer_Name"; Value = "Microchip"; VariantName = "[No Variations]"
Add component (AddParameter): Name = "Manufacturer_Part_Number"; Value = "MCP3201-BI/P"; VariantName = "[No Variations]"
Add component (AddParameter): Name = "Mouser Part Number"; Value = "579-MCP3201-BI/P"; VariantName = "[No Variations]"
Add component (AddParameter): Name = "Mouser Price/Stock"; Value = "https://www.mouser.co.uk/ProductDetail/Microchip-Technology-Atmel/MCP3201-BI-P?qs=Vn0zuzr35GGoo291EIbsHA%3D%3D"; VariantName = "[No Variations]"
Add component (AddParameter): Name = "Mouser Testing Part Number"; Value = ""; VariantName = "[No Variations]"
Add component (AddParameter): Name = "Mouser Testing Price/Stock"; Value = ""; VariantName = "[No Variations]"
Added Pin To Net: NetName=0V Pin=C2-2
Added Pin To Net: NetName=0V Pin=C3-2
Added Pin To Net: NetName=0V Pin=C7-1
Added Pin To Net: NetName=0V Pin=C12-1
Added Pin To Net: NetName=0V Pin=C14-1
Added Pin To Net: NetName=0V Pin=C15-1
Added Pin To Net: NetName=0V Pin=C16-1
Added Pin To Net: NetName=0V Pin=C17-2
Added Pin To Net: NetName=0V Pin=C18-2
Added Pin To Net: NetName=0V Pin=C19-2
Added Pin To Net: NetName=0V Pin=C20-1
Added Pin To Net: NetName=0V Pin=C21-1
Added Pin To Net: NetName=0V Pin=C22-2
Added Pin To Net: NetName=0V Pin=C23-2
Added Pin To Net: NetName=0V Pin=J1-2
Added Pin To Net: NetName=0V Pin=J2-6
Added Pin To Net: NetName=0V Pin=J2-9
Added Pin To Net: NetName=0V Pin=J2-14
Added Pin To Net: NetName=0V Pin=J2-20
Added Pin To Net: NetName=0V Pin=J2-25
Added Pin To Net: NetName=0V Pin=J2-30
Added Pin To Net: NetName=0V Pin=J2-34
Added Pin To Net: NetName=0V Pin=J2-39
Added Pin To Net: NetName=0V Pin=J3-2
Added Pin To Net: NetName=0V Pin=J4-2
Added Pin To Net: NetName=0V Pin=J5-2
Added Pin To Net: NetName=0V Pin=J6-4
Added Pin To Net: NetName=0V Pin=R3-1
Added Pin To Net: NetName=0V Pin=R5-1
Added Pin To Net: NetName=0V Pin=R8-1
Added Pin To Net: NetName=0V Pin=R10-1
Added Pin To Net: NetName=0V Pin=U1-4
Added Pin To Net: NetName=0V Pin=U2-3
Added Pin To Net: NetName=0V Pin=U2-4
Added Pin To Net: NetName=0V Pin=U3-3
Added Pin To Net: NetName=0V Pin=U3-4
Added Pin To Net: NetName=0V Pin=U4-3
Added Pin To Net: NetName=0V Pin=U4-4
Added Pin To Net: NetName=0V Pin=U5-3
Added Pin To Net: NetName=0V Pin=U5-4
Added Pin To Net: NetName=0V Pin=U6-3
Added Pin To Net: NetName=0V Pin=U6-4
Added Net: Name=0V
Added Pin To Net: NetName=3V3_Unfiltered Pin=C2-1
Added Pin To Net: NetName=3V3_Unfiltered Pin=J2-1
Added Pin To Net: NetName=3V3_Unfiltered Pin=J2-17
Added Pin To Net: NetName=3V3_Unfiltered Pin=L1-1
Added Net: Name=3V3_Unfiltered
Added Pin To Net: NetName=3V3 Pin=C3-1
Added Pin To Net: NetName=3V3 Pin=C14-2
Added Pin To Net: NetName=3V3 Pin=C15-2
Added Pin To Net: NetName=3V3 Pin=C16-2
Added Pin To Net: NetName=3V3 Pin=C17-1
Added Pin To Net: NetName=3V3 Pin=C18-1
Added Pin To Net: NetName=3V3 Pin=C19-1
Added Pin To Net: NetName=3V3 Pin=C20-2
Added Pin To Net: NetName=3V3 Pin=C21-2
Added Pin To Net: NetName=3V3 Pin=C22-1
Added Pin To Net: NetName=3V3 Pin=C23-1
Added Pin To Net: NetName=3V3 Pin=J3-3
Added Pin To Net: NetName=3V3 Pin=J4-3
Added Pin To Net: NetName=3V3 Pin=J5-3
Added Pin To Net: NetName=3V3 Pin=L1-2
Added Pin To Net: NetName=3V3 Pin=R4-2
Added Pin To Net: NetName=3V3 Pin=R9-2
Added Pin To Net: NetName=3V3 Pin=U1-8
Added Pin To Net: NetName=3V3 Pin=U2-1
Added Pin To Net: NetName=3V3 Pin=U2-8
Added Pin To Net: NetName=3V3 Pin=U3-1
Added Pin To Net: NetName=3V3 Pin=U3-8
Added Pin To Net: NetName=3V3 Pin=U4-1
Added Pin To Net: NetName=3V3 Pin=U4-8
Added Pin To Net: NetName=3V3 Pin=U5-1
Added Pin To Net: NetName=3V3 Pin=U5-8
Added Pin To Net: NetName=3V3 Pin=U6-1
Added Pin To Net: NetName=3V3 Pin=U6-8
Added Net: Name=3V3
Added Pin To Net: NetName=5V Pin=J1-1
Added Pin To Net: NetName=5V Pin=J6-2
Added Net: Name=5V
Added Pin To Net: NetName=CLK Pin=J2-3
Added Pin To Net: NetName=CLK Pin=U2-7
Added Pin To Net: NetName=CLK Pin=U3-7
Added Pin To Net: NetName=CLK Pin=U4-7
Added Pin To Net: NetName=CLK Pin=U5-7
Added Pin To Net: NetName=CLK Pin=U6-7
Added Net: Name=CLK
Added Pin To Net: NetName=CS Pin=J2-5
Added Pin To Net: NetName=CS Pin=U2-5
Added Pin To Net: NetName=CS Pin=U3-5
Added Pin To Net: NetName=CS Pin=U4-5
Added Pin To Net: NetName=CS Pin=U5-5
Added Pin To Net: NetName=CS Pin=U6-5
Added Net: Name=CS
Added Pin To Net: NetName=DATA1 Pin=J2-29
Added Pin To Net: NetName=DATA1 Pin=U2-6
Added Net: Name=DATA1
Added Pin To Net: NetName=DATA2 Pin=J2-31
Added Pin To Net: NetName=DATA2 Pin=U3-6
Added Net: Name=DATA2
Added Pin To Net: NetName=DATA3 Pin=J2-33
Added Pin To Net: NetName=DATA3 Pin=U4-6
Added Net: Name=DATA3
Added Pin To Net: NetName=DATA4 Pin=J2-35
Added Pin To Net: NetName=DATA4 Pin=U5-6
Added Net: Name=DATA4
Added Pin To Net: NetName=DATA5 Pin=J2-37
Added Pin To Net: NetName=DATA5 Pin=U6-6
Added Net: Name=DATA5
Added Pin To Net: NetName=IF_Filtered_1 Pin=C1-2
Added Pin To Net: NetName=IF_Filtered_1 Pin=R1-1
Added Pin To Net: NetName=IF_Filtered_1 Pin=U1-1
Added Pin To Net: NetName=IF_Filtered_1 Pin=U5-2
Added Net: Name=IF_Filtered_1
Added Pin To Net: NetName=IF_Filtered_2 Pin=C9-2
Added Pin To Net: NetName=IF_Filtered_2 Pin=R6-1
Added Pin To Net: NetName=IF_Filtered_2 Pin=U1-7
Added Pin To Net: NetName=IF_Filtered_2 Pin=U6-2
Added Net: Name=IF_Filtered_2
Added Pin To Net: NetName=IF_Out_I Pin=C5-1
Added Pin To Net: NetName=IF_Out_I Pin=C7-2
Added Pin To Net: NetName=IF_Out_I Pin=J6-3
Added Pin To Net: NetName=IF_Out_I Pin=R3-2
Added Net: Name=IF_Out_I
Added Pin To Net: NetName=IF_Out_Q Pin=C10-1
Added Pin To Net: NetName=IF_Out_Q Pin=C12-2
Added Pin To Net: NetName=IF_Out_Q Pin=J6-1
Added Pin To Net: NetName=IF_Out_Q Pin=R8-2
Added Net: Name=IF_Out_Q
Added Pin To Net: NetName=MIC1 Pin=J5-1
Added Pin To Net: NetName=MIC1 Pin=U2-2
Added Net: Name=MIC1
Added Pin To Net: NetName=MIC2 Pin=J4-1
Added Pin To Net: NetName=MIC2 Pin=U3-2
Added Net: Name=MIC2
Added Pin To Net: NetName=MIC3 Pin=J3-1
Added Pin To Net: NetName=MIC3 Pin=U4-2
Added Net: Name=MIC3
Added Pin To Net: NetName=NetC1_1 Pin=C1-1
Added Pin To Net: NetName=NetC1_1 Pin=R1-2
Added Pin To Net: NetName=NetC1_1 Pin=R2-1
Added Pin To Net: NetName=NetC1_1 Pin=U1-2
Added Net: Name=NetC1_1
Added Pin To Net: NetName=NetC5_2 Pin=C5-2
Added Pin To Net: NetName=NetC5_2 Pin=R2-2
Added Net: Name=NetC5_2
Added Pin To Net: NetName=NetC8_2 Pin=R4-1
Added Pin To Net: NetName=NetC8_2 Pin=R5-2
Added Pin To Net: NetName=NetC8_2 Pin=U1-3
Added Net: Name=NetC8_2
Added Pin To Net: NetName=NetC9_1 Pin=C9-1
Added Pin To Net: NetName=NetC9_1 Pin=R6-2
Added Pin To Net: NetName=NetC9_1 Pin=R7-1
Added Pin To Net: NetName=NetC9_1 Pin=U1-6
Added Net: Name=NetC9_1
Added Pin To Net: NetName=NetC10_2 Pin=C10-2
Added Pin To Net: NetName=NetC10_2 Pin=R7-2
Added Net: Name=NetC10_2
Added Pin To Net: NetName=NetC13_2 Pin=R9-1
Added Pin To Net: NetName=NetC13_2 Pin=R10-2
Added Pin To Net: NetName=NetC13_2 Pin=U1-5
Added Net: Name=NetC13_2
Added Class: Name=Main
