Added Component: Designator=C4(C TDK Film 7.3x2.5x6.5mm)
Add component (AddParameter): Name = "Value"; Value = "0.1uF"; VariantName = "[No Variations]"
Added Component: Designator=C6(C TDK Film 7.3x2.5x6.5mm)
Add component (AddParameter): Name = "Value"; Value = "0.1uF"; VariantName = "[No Variations]"
Added Component: Designator=C8(C TDK Film 7.3x2.5x6.5mm)
Add component (AddParameter): Name = "Value"; Value = "0.1uF"; VariantName = "[No Variations]"
Added Component: Designator=C11(C TDK Film 7.3x2.5x6.5mm)
Add component (AddParameter): Name = "Value"; Value = "0.1uF"; VariantName = "[No Variations]"
Added Component: Designator=C13(C TDK Film 7.3x2.5x6.5mm)
Add component (AddParameter): Name = "Value"; Value = "0.1uF"; VariantName = "[No Variations]"
Added Pin To Net: NetName=0V Pin=C4-1
Added Pin To Net: NetName=3V3 Pin=C4-2
Added Pin To Net: NetName=0V Pin=C6-1
Added Pin To Net: NetName=3V3 Pin=C6-2
Added Pin To Net: NetName=0V Pin=C8-1
Added Pin To Net: NetName=NetC8_2 Pin=C8-2
Added Pin To Net: NetName=0V Pin=C11-1
Added Pin To Net: NetName=3V3 Pin=C11-2
Added Pin To Net: NetName=0V Pin=C13-1
Added Pin To Net: NetName=NetC13_2 Pin=C13-2
Added Member To Class: ClassName=Main Member=Component C4 100nF
Added Member To Class: ClassName=Main Member=Component C6 100nF
Added Member To Class: ClassName=Main Member=Component C8 100nF
Added Member To Class: ClassName=Main Member=Component C11 100nF
Added Member To Class: ClassName=Main Member=Component C13 100nF
